[0905/120933.009:ERROR:exit_code_watcher_win.cc(81)] Unable to write to registry, error 1018
[1126/114042.895:ERROR:file_io.cc(30)] read: expected 36, observed 0
[0213/104410.167:ERROR:file_io.cc(41)] write: The pipe is being closed. (0xE8)
[0902/120026.528:ERROR:process_reader_win.cc(242)] ReadMemory at 0x7ff6d97b0000 of 64 bytes failed: Only part of a ReadProcessMemory or WriteProcessMemory request was completed. (0x12B)
[0902/120026.918:WARNING:pe_image_reader.cc(302)] could not read dos header from C:\Users\PadidarNB\AppData\Local\Google\Chrome\Application\chrome.exe
[0902/120026.918:ERROR:process_reader_win.cc(242)] ReadMemory at 0x7ff934850000 of 64 bytes failed: Only part of a ReadProcessMemory or WriteProcessMemory request was completed. (0x12B)
[0902/120027.019:WARNING:pe_image_reader.cc(302)] could not read dos header from C:\Windows\SYSTEM32\ntdll.dll
[0902/120027.020:ERROR:process_reader_win.cc(242)] ReadMemory at 0x7ff934610000 of 64 bytes failed: Only part of a ReadProcessMemory or WriteProcessMemory request was completed. (0x12B)
[0902/120027.020:WARNING:pe_image_reader.cc(302)] could not read dos header from C:\Windows\System32\KERNEL32.DLL
[0902/120027.020:ERROR:process_reader_win.cc(242)] ReadMemory at 0x7ff931210000 of 64 bytes failed: Only part of a ReadProcessMemory or WriteProcessMemory request was completed. (0x12B)
[0902/120027.020:WARNING:pe_image_reader.cc(302)] could not read dos header from C:\Windows\System32\KERNELBASE.dll
[0902/120027.020:ERROR:process_reader_win.cc(242)] ReadMemory at 0x7ff92f370000 of 64 bytes failed: Only part of a ReadProcessMemory or WriteProcessMemory request was completed. (0x12B)
[0902/120027.020:WARNING:pe_image_reader.cc(302)] could not read dos header from C:\Windows\SYSTEM32\apphelp.dll
[0902/120027.020:ERROR:process_reader_win.cc(242)] ReadMemory at 0x7ff9256f0000 of 64 bytes failed: Only part of a ReadProcessMemory or WriteProcessMemory request was completed. (0x12B)
[0902/120027.020:WARNING:pe_image_reader.cc(302)] could not read dos header from C:\Windows\AppPatch\AppPatch64\AcGenral.dll
[0902/120027.020:ERROR:process_reader_win.cc(242)] ReadMemory at 0x7ff932390000 of 64 bytes failed: Only part of a ReadProcessMemory or WriteProcessMemory request was completed. (0x12B)
[0902/120027.020:WARNING:pe_image_reader.cc(302)] could not read dos header from C:\Windows\System32\msvcrt.dll
[0902/120027.020:ERROR:process_reader_win.cc(242)] ReadMemory at 0x7ff932430000 of 64 bytes failed: Only part of a ReadProcessMemory or WriteProcessMemory request was completed. (0x12B)
[0902/120027.021:WARNING:pe_image_reader.cc(302)] could not read dos header from C:\Windows\System32\sechost.dll
[0902/120027.021:ERROR:process_reader_win.cc(242)] ReadMemory at 0x7ff934210000 of 64 bytes failed: Only part of a ReadProcessMemory or WriteProcessMemory request was completed. (0x12B)
[0902/120027.021:WARNING:pe_image_reader.cc(302)] could not read dos header from C:\Windows\System32\RPCRT4.dll
[0902/120027.021:ERROR:process_reader_win.cc(242)] ReadMemory at 0x7ff9341b0000 of 64 bytes failed: Only part of a ReadProcessMemory or WriteProcessMemory request was completed. (0x12B)
[0902/120027.021:WARNING:pe_image_reader.cc(302)] could not read dos header from C:\Windows\System32\SHLWAPI.dll
[0902/120027.021:ERROR:process_reader_win.cc(242)] ReadMemory at 0x7ff932010000 of 64 bytes failed: Only part of a ReadProcessMemory or WriteProcessMemory request was completed. (0x12B)
[0902/120027.021:WARNING:pe_image_reader.cc(302)] could not read dos header from C:\Windows\System32\combase.dll
[0902/120027.021:ERROR:process_reader_win.cc(242)] ReadMemory at 0x7ff9314b0000 of 64 bytes failed: Only part of a ReadProcessMemory or WriteProcessMemory request was completed. (0x12B)
[0902/120027.021:WARNING:pe_image_reader.cc(302)] could not read dos header from C:\Windows\System32\ucrtbase.dll
[0902/120027.021:ERROR:process_reader_win.cc(242)] ReadMemory at 0x7ff930fd0000 of 64 bytes failed: Only part of a ReadProcessMemory or WriteProcessMemory request was completed. (0x12B)
[0902/120027.021:WARNING:pe_image_reader.cc(302)] could not read dos header from C:\Windows\System32\bcryptPrimitives.dll
[0902/120027.022:ERROR:process_reader_win.cc(242)] ReadMemory at 0x7ff932770000 of 64 bytes failed: Only part of a ReadProcessMemory or WriteProcessMemory request was completed. (0x12B)
[0902/120027.022:WARNING:pe_image_reader.cc(302)] could not read dos header from C:\Windows\System32\GDI32.dll
[0902/120027.022:ERROR:process_reader_win.cc(242)] ReadMemory at 0x7ff930d70000 of 64 bytes failed: Only part of a ReadProcessMemory or WriteProcessMemory request was completed. (0x12B)
[0902/120027.022:WARNING:pe_image_reader.cc(302)] could not read dos header from C:\Windows\System32\gdi32full.dll
[0902/120027.022:ERROR:process_reader_win.cc(242)] ReadMemory at 0x7ff931d10000 of 64 bytes failed: Only part of a ReadProcessMemory or WriteProcessMemory request was completed. (0x12B)
[0902/120027.022:WARNING:pe_image_reader.cc(302)] could not read dos header from C:\Windows\System32\msvcp_win.dll
[0902/120027.022:ERROR:process_reader_win.cc(242)] ReadMemory at 0x7ff933c20000 of 64 bytes failed: Only part of a ReadProcessMemory or WriteProcessMemory request was completed. (0x12B)
[0902/120027.022:WARNING:pe_image_reader.cc(302)] could not read dos header from C:\Windows\System32\USER32.dll
[0902/120027.022:ERROR:process_reader_win.cc(242)] ReadMemory at 0x7ff930fb0000 of 64 bytes failed: Only part of a ReadProcessMemory or WriteProcessMemory request was completed. (0x12B)
[0902/120027.022:WARNING:pe_image_reader.cc(302)] could not read dos header from C:\Windows\System32\win32u.dll
[0902/120027.022:ERROR:process_reader_win.cc(242)] ReadMemory at 0x7ff932490000 of 64 bytes failed: Only part of a ReadProcessMemory or WriteProcessMemory request was completed. (0x12B)
[0902/120027.022:WARNING:pe_image_reader.cc(302)] could not read dos header from C:\Windows\System32\ole32.dll
[0902/120027.023:ERROR:process_reader_win.cc(242)] ReadMemory at 0x7ff9327e0000 of 64 bytes failed: Only part of a ReadProcessMemory or WriteProcessMemory request was completed. (0x12B)
[0902/120027.023:WARNING:pe_image_reader.cc(302)] could not read dos header from C:\Windows\System32\SHELL32.dll
[0902/120027.023:ERROR:process_reader_win.cc(242)] ReadMemory at 0x7ff931460000 of 64 bytes failed: Only part of a ReadProcessMemory or WriteProcessMemory request was completed. (0x12B)
[0902/120027.023:WARNING:pe_image_reader.cc(302)] could not read dos header from C:\Windows\System32\cfgmgr32.dll
[0902/120027.023:ERROR:process_reader_win.cc(242)] ReadMemory at 0x7ff9343a0000 of 64 bytes failed: Only part of a ReadProcessMemory or WriteProcessMemory request was completed. (0x12B)
[0902/120027.023:WARNING:pe_image_reader.cc(302)] could not read dos header from C:\Windows\System32\shcore.dll
[0902/120027.023:ERROR:process_reader_win.cc(242)] ReadMemory at 0x7ff931610000 of 64 bytes failed: Only part of a ReadProcessMemory or WriteProcessMemory request was completed. (0x12B)
[0902/120027.023:WARNING:pe_image_reader.cc(302)] could not read dos header from C:\Windows\System32\windows.storage.dll
[0902/120027.023:ERROR:process_reader_win.cc(242)] ReadMemory at 0x7ff931db0000 of 64 bytes failed: Only part of a ReadProcessMemory or WriteProcessMemory request was completed. (0x12B)
[0902/120027.023:WARNING:pe_image_reader.cc(302)] could not read dos header from C:\Windows\System32\advapi32.dll
[0902/120027.023:ERROR:process_reader_win.cc(242)] ReadMemory at 0x7ff930d00000 of 64 bytes failed: Only part of a ReadProcessMemory or WriteProcessMemory request was completed. (0x12B)
[0902/120027.023:WARNING:pe_image_reader.cc(302)] could not read dos header from C:\Windows\System32\kernel.appcore.dll
[0902/120027.024:ERROR:process_reader_win.cc(242)] ReadMemory at 0x7ff930d20000 of 64 bytes failed: Only part of a ReadProcessMemory or WriteProcessMemory request was completed. (0x12B)
[0902/120027.024:WARNING:pe_image_reader.cc(302)] could not read dos header from C:\Windows\System32\powrprof.dll
[0902/120027.024:ERROR:process_reader_win.cc(242)] ReadMemory at 0x7ff930ce0000 of 64 bytes failed: Only part of a ReadProcessMemory or WriteProcessMemory request was completed. (0x12B)
[0902/120027.024:WARNING:pe_image_reader.cc(302)] could not read dos header from C:\Windows\System32\profapi.dll
[0902/120027.024:ERROR:process_reader_win.cc(242)] ReadMemory at 0x7ff930b90000 of 64 bytes failed: Only part of a ReadProcessMemory or WriteProcessMemory request was completed. (0x12B)
[0902/120027.024:WARNING:pe_image_reader.cc(302)] could not read dos header from C:\Windows\SYSTEM32\SspiCli.dll
[0902/120027.024:ERROR:process_reader_win.cc(242)] ReadMemory at 0x7ff930bc0000 of 64 bytes failed: Only part of a ReadProcessMemory or WriteProcessMemory request was completed. (0x12B)
[0902/120027.024:WARNING:pe_image_reader.cc(302)] could not read dos header from C:\Windows\SYSTEM32\USERENV.dll
[0902/120027.024:ERROR:process_reader_win.cc(242)] ReadMemory at 0x7ff92a150000 of 64 bytes failed: Only part of a ReadProcessMemory or WriteProcessMemory request was completed. (0x12B)
[0902/120027.024:WARNING:pe_image_reader.cc(302)] could not read dos header from C:\Windows\SYSTEM32\MPR.dll
[0902/120027.024:ERROR:process_reader_win.cc(242)] ReadMemory at 0x7ff9327b0000 of 64 bytes failed: Only part of a ReadProcessMemory or WriteProcessMemory request was completed. (0x12B)
[0902/120027.025:WARNING:pe_image_reader.cc(302)] could not read dos header from C:\Windows\System32\IMM32.DLL
[0902/120027.025:ERROR:process_reader_win.cc(242)] ReadMemory at 0x7ff931e60000 of 64 bytes failed: Only part of a ReadProcessMemory or WriteProcessMemory request was completed. (0x12B)
[0902/120027.025:WARNING:pe_image_reader.cc(302)] could not read dos header from C:\Windows\System32\PSAPI.DLL
[0902/120027.025:ERROR:process_reader_win.cc(242)] ReadMemory at 0x7ff9177c0000 of 64 bytes failed: Only part of a ReadProcessMemory or WriteProcessMemory request was completed. (0x12B)
[0902/120027.025:WARNING:pe_image_reader.cc(302)] could not read dos header from C:\Users\PadidarNB\AppData\Local\Google\Chrome\Application\68.0.3440.106\chrome_elf.dll
[0902/120027.025:ERROR:process_reader_win.cc(242)] ReadMemory at 0x7ff92bd60000 of 64 bytes failed: Only part of a ReadProcessMemory or WriteProcessMemory request was completed. (0x12B)
[0902/120027.025:WARNING:pe_image_reader.cc(302)] could not read dos header from C:\Windows\SYSTEM32\VERSION.dll
[0902/120027.025:ERROR:process_reader_win.cc(242)] ReadMemory at 0x7ff926600000 of 64 bytes failed: Only part of a ReadProcessMemory or WriteProcessMemory request was completed. (0x12B)
[0902/120027.025:WARNING:pe_image_reader.cc(302)] could not read dos header from C:\Windows\SYSTEM32\WINMM.dll
[0902/120027.025:ERROR:process_reader_win.cc(242)] ReadMemory at 0x7ff92bc80000 of 64 bytes failed: Only part of a ReadProcessMemory or WriteProcessMemory request was completed. (0x12B)
[0902/120027.025:WARNING:pe_image_reader.cc(302)] could not read dos header from C:\Windows\SYSTEM32\WINHTTP.dll
[0902/120027.025:ERROR:process_reader_win.cc(242)] ReadMemory at 0x7ff926570000 of 64 bytes failed: Only part of a ReadProcessMemory or WriteProcessMemory request was completed. (0x12B)
[0902/120027.026:WARNING:pe_image_reader.cc(302)] could not read dos header from C:\Windows\SYSTEM32\WINMMBASE.dll
[0902/120027.026:ERROR:process_reader_win.cc(242)] ReadMemory at 0x7ff930b80000 of 64 bytes failed: Only part of a ReadProcessMemory or WriteProcessMemory request was completed. (0x12B)
[0902/120027.026:WARNING:pe_image_reader.cc(302)] could not read dos header from C:\Windows\SYSTEM32\CRYPTBASE.DLL
[0902/120027.026:ERROR:process_reader_win.cc(242)] ReadMemory at 0x7ff9139a0000 of 64 bytes failed: Only part of a ReadProcessMemory or WriteProcessMemory request was completed. (0x12B)
[0902/120027.026:WARNING:pe_image_reader.cc(302)] could not read dos header from C:\Windows\SYSTEM32\ninput.dll
[0902/120027.026:ERROR:process_reader_win.cc(242)] ReadMemory at 0x7ff934450000 of 64 bytes failed: Only part of a ReadProcessMemory or WriteProcessMemory request was completed. (0x12B)
[0902/120027.026:WARNING:pe_image_reader.cc(302)] could not read dos header from C:\Windows\System32\OLEAUT32.dll
[0902/120027.026:ERROR:process_reader_win.cc(242)] ReadMemory at 0x7ff8e1e10000 of 64 bytes failed: Only part of a ReadProcessMemory or WriteProcessMemory request was completed. (0x12B)
[0902/120027.026:WARNING:pe_image_reader.cc(302)] could not read dos header from C:\Users\PadidarNB\AppData\Local\Google\Chrome\Application\68.0.3440.106\chrome_child.dll
[0902/120027.026:ERROR:process_reader_win.cc(242)] ReadMemory at 0x7ff932310000 of 64 bytes failed: Only part of a ReadProcessMemory or WriteProcessMemory request was completed. (0x12B)
[0902/120027.026:WARNING:pe_image_reader.cc(302)] could not read dos header from C:\Windows\System32\WS2_32.dll
[0902/120027.026:ERROR:process_reader_win.cc(242)] ReadMemory at 0x7ff9315b0000 of 64 bytes failed: Only part of a ReadProcessMemory or WriteProcessMemory request was completed. (0x12B)
[0902/120027.027:WARNING:pe_image_reader.cc(302)] could not read dos header from C:\Windows\System32\WINTRUST.dll
[0902/120027.027:ERROR:process_reader_win.cc(242)] ReadMemory at 0x7ff930cc0000 of 64 bytes failed: Only part of a ReadProcessMemory or WriteProcessMemory request was completed. (0x12B)
[0902/120027.027:WARNING:pe_image_reader.cc(302)] could not read dos header from C:\Windows\System32\MSASN1.dll
[0902/120027.027:ERROR:process_reader_win.cc(242)] ReadMemory at 0x7ff931040000 of 64 bytes failed: Only part of a ReadProcessMemory or WriteProcessMemory request was completed. (0x12B)
[0902/120027.027:WARNING:pe_image_reader.cc(302)] could not read dos header from C:\Windows\System32\CRYPT32.dll
[0902/120027.027:ERROR:process_reader_win.cc(242)] ReadMemory at 0x7ff92e480000 of 64 bytes failed: Only part of a ReadProcessMemory or WriteProcessMemory request was completed. (0x12B)
[0902/120027.027:WARNING:pe_image_reader.cc(302)] could not read dos header from C:\Windows\SYSTEM32\msdmo.dll
[0902/120027.027:ERROR:process_reader_win.cc(242)] ReadMemory at 0x7ff930310000 of 64 bytes failed: Only part of a ReadProcessMemory or WriteProcessMemory request was completed. (0x12B)
[0902/120027.027:WARNING:pe_image_reader.cc(302)] could not read dos header from C:\Windows\SYSTEM32\IPHLPAPI.DLL
[0902/120027.027:ERROR:process_reader_win.cc(242)] ReadMemory at 0x7ff9140e0000 of 64 bytes failed: Only part of a ReadProcessMemory or WriteProcessMemory request was completed. (0x12B)
[0902/120027.027:WARNING:pe_image_reader.cc(302)] could not read dos header from C:\Windows\SYSTEM32\DWrite.dll
[0902/120027.027:ERROR:process_reader_win.cc(242)] ReadMemory at 0x7ff92dfc0000 of 64 bytes failed: Only part of a ReadProcessMemory or WriteProcessMemory request was completed. (0x12B)
[0902/120027.028:WARNING:pe_image_reader.cc(302)] could not read dos header from C:\Windows\SYSTEM32\WINSPOOL.DRV
[0902/120027.028:ERROR:process_reader_win.cc(242)] ReadMemory at 0x7ff92ad10000 of 64 bytes failed: Only part of a ReadProcessMemory or WriteProcessMemory request was completed. (0x12B)
[0902/120027.028:WARNING:pe_image_reader.cc(302)] could not read dos header from C:\Windows\SYSTEM32\dbghelp.dll
[0902/120027.028:ERROR:process_reader_win.cc(242)] ReadMemory at 0x7ff92d0c0000 of 64 bytes failed: Only part of a ReadProcessMemory or WriteProcessMemory request was completed. (0x12B)
[0902/120027.028:WARNING:pe_image_reader.cc(302)] could not read dos header from C:\Windows\SYSTEM32\USP10.dll
[0902/120027.028:ERROR:process_reader_win.cc(242)] ReadMemory at 0x7ff92fd80000 of 64 bytes failed: Only part of a ReadProcessMemory or WriteProcessMemory request was completed. (0x12B)
[0902/120027.028:WARNING:pe_image_reader.cc(302)] could not read dos header from C:\Windows\SYSTEM32\dxgi.dll
[0902/120027.028:ERROR:process_reader_win.cc(242)] ReadMemory at 0x7ff91bc20000 of 64 bytes failed: Only part of a ReadProcessMemory or WriteProcessMemory request was completed. (0x12B)
[0902/120027.028:WARNING:pe_image_reader.cc(302)] could not read dos header from C:\Windows\SYSTEM32\urlmon.dll
[0902/120027.028:ERROR:process_reader_win.cc(242)] ReadMemory at 0x7ff9293e0000 of 64 bytes failed: Only part of a ReadProcessMemory or WriteProcessMemory request was completed. (0x12B)
[0902/120027.028:WARNING:pe_image_reader.cc(302)] could not read dos header from C:\Windows\SYSTEM32\Secur32.dll
[0902/120027.029:ERROR:process_reader_win.cc(242)] ReadMemory at 0x7ff92b0b0000 of 64 bytes failed: Only part of a ReadProcessMemory or WriteProcessMemory request was completed. (0x12B)
[0902/120027.029:WARNING:pe_image_reader.cc(302)] could not read dos header from C:\Windows\SYSTEM32\dhcpcsvc.DLL
[0902/120027.029:ERROR:process_reader_win.cc(242)] ReadMemory at 0x7ff9327a0000 of 64 bytes failed: Only part of a ReadProcessMemory or WriteProcessMemory request was completed. (0x12B)
[0902/120027.029:WARNING:pe_image_reader.cc(302)] could not read dos header from C:\Windows\System32\NSI.dll
[0902/120027.029:ERROR:process_reader_win.cc(242)] ReadMemory at 0x7ff930c00000 of 64 bytes failed: Only part of a ReadProcessMemory or WriteProcessMemory request was completed. (0x12B)
[0902/120027.029:WARNING:pe_image_reader.cc(302)] could not read dos header from C:\Windows\SYSTEM32\bcrypt.dll
[0902/120027.029:ERROR:process_reader_win.cc(242)] ReadMemory at 0x7ff91b980000 of 64 bytes failed: Only part of a ReadProcessMemory or WriteProcessMemory request was completed. (0x12B)
[0902/120027.029:WARNING:pe_image_reader.cc(302)] could not read dos header from C:\Windows\SYSTEM32\iertutil.dll
[0902/120027.029:ERROR:process_reader_win.cc(242)] ReadMemory at 0x196ab310000 of 64 bytes failed: Only part of a ReadProcessMemory or WriteProcessMemory request was completed. (0x12B)
[0902/120027.029:WARNING:pe_image_reader.cc(302)] could not read dos header from C:\Windows\System32\COMDLG32.dll
[0902/120027.029:ERROR:process_reader_win.cc(242)] ReadMemory at 0x7ff91a400000 of 64 bytes failed: Only part of a ReadProcessMemory or WriteProcessMemory request was completed. (0x12B)
[0902/120027.029:WARNING:pe_image_reader.cc(302)] could not read dos header from C:\Windows\WinSxS\amd64_microsoft.windows.common-controls_6595b64144ccf1df_6.0.15063.1155_none_40c7922129a7722b\COMCTL32.dll
[0902/120027.030:ERROR:process_reader_win.cc(242)] ReadMemory at 0x7ff933d70000 of 64 bytes failed: Only part of a ReadProcessMemory or WriteProcessMemory request was completed. (0x12B)
[0902/120027.030:WARNING:pe_image_reader.cc(302)] could not read dos header from C:\Windows\System32\SETUPAPI.dll
[0902/120027.030:ERROR:process_reader_win.cc(242)] ReadMemory at 0x7ff92f7b0000 of 64 bytes failed: Only part of a ReadProcessMemory or WriteProcessMemory request was completed. (0x12B)
[0902/120027.030:WARNING:pe_image_reader.cc(302)] could not read dos header from C:\Windows\SYSTEM32\DEVOBJ.dll
[0902/120027.030:ERROR:process_reader_win.cc(242)] ReadMemory at 0x7ff918960000 of 64 bytes failed: Only part of a ReadProcessMemory or WriteProcessMemory request was completed. (0x12B)
[0902/120027.030:WARNING:pe_image_reader.cc(302)] could not read dos header from C:\Windows\SYSTEM32\mf.dll
[0902/120027.030:ERROR:process_reader_win.cc(242)] ReadMemory at 0x7ff9115a0000 of 64 bytes failed: Only part of a ReadProcessMemory or WriteProcessMemory request was completed. (0x12B)
[0902/120027.030:WARNING:pe_image_reader.cc(302)] could not read dos header from C:\Windows\SYSTEM32\MFPlat.DLL
[0902/120027.030:ERROR:process_reader_win.cc(242)] ReadMemory at 0x7ff913d20000 of 64 bytes failed: Only part of a ReadProcessMemory or WriteProcessMemory request was completed. (0x12B)
[0902/120027.030:WARNING:pe_image_reader.cc(302)] could not read dos header from C:\Windows\SYSTEM32\RTWorkQ.DLL
[0902/120027.030:ERROR:process_reader_win.cc(242)] ReadMemory at 0x7ff906470000 of 64 bytes failed: Only part of a ReadProcessMemory or WriteProcessMemory request was completed. (0x12B)
[0902/120027.030:WARNING:pe_image_reader.cc(302)] could not read dos header from C:\Windows\SYSTEM32\msmpeg2vdec.dll
[0902/120027.030:ERROR:process_reader_win.cc(242)] ReadMemory at 0x7ff914e50000 of 64 bytes failed: Only part of a ReadProcessMemory or WriteProcessMemory request was completed. (0x12B)
[0902/120027.031:WARNING:pe_image_reader.cc(302)] could not read dos header from C:\Windows\SYSTEM32\mfperfhelper.dll
[0902/120027.031:ERROR:process_reader_win.cc(242)] ReadMemory at 0x7ff930710000 of 64 bytes failed: Only part of a ReadProcessMemory or WriteProcessMemory request was completed. (0x12B)
[0902/120027.031:WARNING:pe_image_reader.cc(302)] could not read dos header from C:\Windows\SYSTEM32\cryptsp.dll
[0902/120027.031:ERROR:process_reader_win.cc(242)] ReadMemory at 0x7ff91a910000 of 64 bytes failed: Only part of a ReadProcessMemory or WriteProcessMemory request was completed. (0x12B)
[0902/120027.031:WARNING:pe_image_reader.cc(302)] could not read dos header from C:\Windows\SYSTEM32\dxva2.dll
[0902/120027.031:ERROR:process_reader_win.cc(242)] ReadMemory at 0x7ff914fd0000 of 64 bytes failed: Only part of a ReadProcessMemory or WriteProcessMemory request was completed. (0x12B)
[0902/120027.031:WARNING:pe_image_reader.cc(302)] could not read dos header from C:\Windows\SYSTEM32\msvproc.dll
[0902/120027.031:ERROR:process_reader_win.cc(242)] ReadMemory at 0x7ff92d350000 of 64 bytes failed: Only part of a ReadProcessMemory or WriteProcessMemory request was completed. (0x12B)
[0902/120027.031:WARNING:pe_image_reader.cc(302)] could not read dos header from C:\Windows\SYSTEM32\D3DCompiler_47.dll
[0902/120027.031:ERROR:process_reader_win.cc(242)] ReadMemory at 0x7ff8fc230000 of 64 bytes failed: Only part of a ReadProcessMemory or WriteProcessMemory request was completed. (0x12B)
[0902/120027.031:WARNING:pe_image_reader.cc(302)] could not read dos header from C:\Users\PadidarNB\AppData\Local\Google\Chrome\Application\68.0.3440.106\libglesv2.dll
[0902/120027.031:ERROR:process_reader_win.cc(242)] ReadMemory at 0x7ff917c40000 of 64 bytes failed: Only part of a ReadProcessMemory or WriteProcessMemory request was completed. (0x12B)
[0902/120027.032:WARNING:pe_image_reader.cc(302)] could not read dos header from C:\Windows\SYSTEM32\d3d9.dll
[0902/120027.032:ERROR:process_reader_win.cc(242)] ReadMemory at 0x7ff92d020000 of 64 bytes failed: Only part of a ReadProcessMemory or WriteProcessMemory request was completed. (0x12B)
[0902/120027.032:WARNING:pe_image_reader.cc(302)] could not read dos header from C:\Windows\SYSTEM32\dwmapi.dll
[0902/120027.032:ERROR:process_reader_win.cc(242)] ReadMemory at 0x7ff918880000 of 64 bytes failed: Only part of a ReadProcessMemory or WriteProcessMemory request was completed. (0x12B)
[0902/120027.032:WARNING:pe_image_reader.cc(302)] could not read dos header from C:\Users\PadidarNB\AppData\Local\Google\Chrome\Application\68.0.3440.106\libegl.dll
[0902/120027.032:ERROR:process_reader_win.cc(242)] ReadMemory at 0x7ff92e9b0000 of 64 bytes failed: Only part of a ReadProcessMemory or WriteProcessMemory request was completed. (0x12B)
[0902/120027.032:WARNING:pe_image_reader.cc(302)] could not read dos header from C:\Windows\SYSTEM32\d3d11.dll
[0902/120027.032:ERROR:process_reader_win.cc(242)] ReadMemory at 0x7ff92eea0000 of 64 bytes failed: Only part of a ReadProcessMemory or WriteProcessMemory request was completed. (0x12B)
[0902/120027.032:WARNING:pe_image_reader.cc(302)] could not read dos header from C:\Windows\SYSTEM32\dcomp.dll
[0902/120027.032:ERROR:process_reader_win.cc(242)] ReadMemory at 0x7ff909350000 of 64 bytes failed: Only part of a ReadProcessMemory or WriteProcessMemory request was completed. (0x12B)
[0902/120027.032:WARNING:pe_image_reader.cc(302)] could not read dos header from C:\Windows\System32\DriverStore\FileRepository\igdlh64.inf_amd64_6bb02522ea3fdb0d\igd10iumd64.dll
[0902/120027.032:ERROR:process_reader_win.cc(242)] ReadMemory at 0x7ff9307e0000 of 64 bytes failed: Only part of a ReadProcessMemory or WriteProcessMemory request was completed. (0x12B)
[0902/120027.033:WARNING:pe_image_reader.cc(302)] could not read dos header from C:\Windows\SYSTEM32\ncrypt.dll
[0902/120027.033:ERROR:process_reader_win.cc(242)] ReadMemory at 0x7ff9307a0000 of 64 bytes failed: Only part of a ReadProcessMemory or WriteProcessMemory request was completed. (0x12B)
[0902/120027.033:WARNING:pe_image_reader.cc(302)] could not read dos header from C:\Windows\SYSTEM32\NTASN1.dll
[0902/120027.033:ERROR:process_reader_win.cc(242)] ReadMemory at 0x7ff9156d0000 of 64 bytes failed: Only part of a ReadProcessMemory or WriteProcessMemory request was completed. (0x12B)
[0902/120027.033:WARNING:pe_image_reader.cc(302)] could not read dos header from C:\Windows\System32\DriverStore\FileRepository\igdlh64.inf_amd64_6bb02522ea3fdb0d\igc64.dll
[0902/120027.033:ERROR:process_reader_win.cc(242)] ReadMemory at 0x7ff8ded60000 of 64 bytes failed: Only part of a ReadProcessMemory or WriteProcessMemory request was completed. (0x12B)
[0902/120027.033:WARNING:pe_image_reader.cc(302)] could not read dos header from C:\Windows\System32\DriverStore\FileRepository\igdlh64.inf_amd64_6bb02522ea3fdb0d\igd11dxva64.dll
[0902/120027.033:ERROR:process_reader_win.cc(242)] ReadMemory at 0x7ff934570000 of 64 bytes failed: Only part of a ReadProcessMemory or WriteProcessMemory request was completed. (0x12B)
[0902/120027.033:WARNING:pe_image_reader.cc(302)] could not read dos header from C:\Windows\System32\clbcatq.dll
[0902/120027.033:ERROR:process_reader_win.cc(242)] ReadMemory at 0x7ff92c120000 of 64 bytes failed: Only part of a ReadProcessMemory or WriteProcessMemory request was completed. (0x12B)
[0902/120027.033:WARNING:pe_image_reader.cc(302)] could not read dos header from C:\Windows\SYSTEM32\CompPkgSup.DLL
[0902/120027.033:ERROR:process_reader_win.cc(242)] ReadMemory at 0x7ff92e500000 of 64 bytes failed: Only part of a ReadProcessMemory or WriteProcessMemory request was completed. (0x12B)
[0902/120027.034:WARNING:pe_image_reader.cc(302)] could not read dos header from C:\Windows\System32\WinTypes.dll
[0902/120027.034:ERROR:process_reader_win.cc(242)] ReadMemory at 0x7ff90b5b0000 of 64 bytes failed: Only part of a ReadProcessMemory or WriteProcessMemory request was completed. (0x12B)
[0902/120027.034:WARNING:pe_image_reader.cc(302)] could not read dos header from C:\Windows\System32\mfh264enc.dll
[0902/120027.034:ERROR:process_reader_win.cc(242)] ReadMemory at 0x7ff92f500000 of 64 bytes failed: Only part of a ReadProcessMemory or WriteProcessMemory request was completed. (0x12B)
[0902/120027.034:WARNING:pe_image_reader.cc(302)] could not read dos header from C:\Windows\system32\uxtheme.dll
[0902/120027.034:ERROR:process_reader_win.cc(242)] ReadMemory at 0x7ff932600000 of 64 bytes failed: Only part of a ReadProcessMemory or WriteProcessMemory request was completed. (0x12B)
[0902/120027.034:WARNING:pe_image_reader.cc(302)] could not read dos header from C:\Windows\System32\MSCTF.dll
[0902/120027.702:ERROR:process_reader_win.cc(242)] ReadMemory at 0x3877df3000 of 53248 bytes failed: Only part of a ReadProcessMemory or WriteProcessMemory request was completed. (0x12B)
[0902/120027.702:ERROR:crash_report_exception_handler.cc(111)] WriteEverything failed
[0902/120027.703:ERROR:filesystem_win.cc(148)] DeleteFile C:\Users\PadidarNB\AppData\Local\Google\Chrome\User Data\Crashpad\reports\7fffda8a-3233-4e22-97ca-b2a4ea452b12.dmp: The process cannot access the file because it is being used by another process. (0x20)
[0902/120027.705:ERROR:scoped_process_suspend.cc(40)] NtResumeProcess: An attempt was made to access an exiting process. (0xc000010a)
[0902/122825.592:ERROR:scoped_process_suspend.cc(40)] NtResumeProcess: An attempt was made to access an exiting process. (0xc000010a)
[1027/081228.549:ERROR:settings.cc(319)] Settings magic is not 1129342067
[1027/081228.852:ERROR:crash_report_database_win.cc(428)] unexpected header
[1027/081319.908:ERROR:crash_report_database_win.cc(428)] unexpected header
[1027/082032.642:ERROR:crash_report_database_win.cc(428)] unexpected header
[1027/083032.666:ERROR:crash_report_database_win.cc(428)] unexpected header
[1027/083032.667:ERROR:crash_report_database_win.cc(428)] unexpected header
[1027/083532.643:ERROR:crash_report_database_win.cc(428)] unexpected header
[1027/085032.675:ERROR:crash_report_database_win.cc(428)] unexpected header
[1027/090532.676:ERROR:crash_report_database_win.cc(428)] unexpected header
[1027/092032.677:ERROR:crash_report_database_win.cc(428)] unexpected header
[1027/093532.679:ERROR:crash_report_database_win.cc(428)] unexpected header
[1027/094849.192:ERROR:crash_report_database_win.cc(428)] unexpected header
[1027/095032.680:ERROR:crash_report_database_win.cc(428)] unexpected header
[1027/100532.680:ERROR:crash_report_database_win.cc(428)] unexpected header
[1027/102032.682:ERROR:crash_report_database_win.cc(428)] unexpected header
[1027/103532.705:ERROR:crash_report_database_win.cc(428)] unexpected header
[1027/105032.707:ERROR:crash_report_database_win.cc(428)] unexpected header
[1027/110532.708:ERROR:crash_report_database_win.cc(428)] unexpected header
[1027/112032.709:ERROR:crash_report_database_win.cc(428)] unexpected header
[1027/113532.737:ERROR:crash_report_database_win.cc(428)] unexpected header
[1027/115105.645:ERROR:crash_report_database_win.cc(428)] unexpected header
[1027/120602.235:ERROR:crash_report_database_win.cc(428)] unexpected header
[1027/122102.234:ERROR:crash_report_database_win.cc(428)] unexpected header
[1027/131343.947:ERROR:crash_report_database_win.cc(428)] unexpected header
[1027/132843.986:ERROR:crash_report_database_win.cc(428)] unexpected header
[1027/134343.987:ERROR:crash_report_database_win.cc(428)] unexpected header
[1027/135843.989:ERROR:crash_report_database_win.cc(428)] unexpected header
[1027/141343.989:ERROR:crash_report_database_win.cc(428)] unexpected header
[1027/142844.005:ERROR:crash_report_database_win.cc(428)] unexpected header
[1027/142953.906:ERROR:crash_report_database_win.cc(428)] unexpected header
[1027/144344.006:ERROR:crash_report_database_win.cc(428)] unexpected header
[1027/145844.102:ERROR:crash_report_database_win.cc(428)] unexpected header
[1027/151344.217:ERROR:crash_report_database_win.cc(428)] unexpected header
[1027/152844.257:ERROR:crash_report_database_win.cc(428)] unexpected header
[1027/154344.258:ERROR:crash_report_database_win.cc(428)] unexpected header
[1027/155844.260:ERROR:crash_report_database_win.cc(428)] unexpected header
[1028/075931.946:ERROR:crash_report_database_win.cc(428)] unexpected header
[1028/080057.842:ERROR:crash_report_database_win.cc(428)] unexpected header
[1028/080458.259:ERROR:crash_report_database_win.cc(428)] unexpected header
[1028/081507.944:ERROR:crash_report_database_win.cc(428)] unexpected header
[1028/081958.261:ERROR:crash_report_database_win.cc(428)] unexpected header
[1028/083458.262:ERROR:crash_report_database_win.cc(428)] unexpected header
[1028/084521.553:ERROR:crash_report_database_win.cc(428)] unexpected header
[1028/084636.338:ERROR:crash_report_database_win.cc(428)] unexpected header
[1028/084958.263:ERROR:crash_report_database_win.cc(428)] unexpected header
[1028/090458.265:ERROR:crash_report_database_win.cc(428)] unexpected header
[1028/091958.265:ERROR:crash_report_database_win.cc(428)] unexpected header
[1028/093458.268:ERROR:crash_report_database_win.cc(428)] unexpected header
[1028/094958.269:ERROR:crash_report_database_win.cc(428)] unexpected header
[1028/100458.273:ERROR:crash_report_database_win.cc(428)] unexpected header
[1028/101958.299:ERROR:crash_report_database_win.cc(428)] unexpected header
[1028/103458.317:ERROR:crash_report_database_win.cc(428)] unexpected header
[1028/104958.371:ERROR:crash_report_database_win.cc(428)] unexpected header
[1028/110458.405:ERROR:crash_report_database_win.cc(428)] unexpected header
[1028/111958.406:ERROR:crash_report_database_win.cc(428)] unexpected header
[1028/113458.407:ERROR:crash_report_database_win.cc(428)] unexpected header
[1028/114958.410:ERROR:crash_report_database_win.cc(428)] unexpected header
[1028/130355.222:ERROR:crash_report_database_win.cc(428)] unexpected header
[1028/130807.733:ERROR:crash_report_database_win.cc(428)] unexpected header
[1028/132307.784:ERROR:crash_report_database_win.cc(428)] unexpected header
[1028/133807.802:ERROR:crash_report_database_win.cc(428)] unexpected header
[1028/135307.886:ERROR:crash_report_database_win.cc(428)] unexpected header
[1028/140807.902:ERROR:crash_report_database_win.cc(428)] unexpected header
[1028/142307.979:ERROR:crash_report_database_win.cc(428)] unexpected header
[1028/143808.037:ERROR:crash_report_database_win.cc(428)] unexpected header
[1028/145308.175:ERROR:crash_report_database_win.cc(428)] unexpected header
[1028/150808.280:ERROR:crash_report_database_win.cc(428)] unexpected header
[1028/151712.956:ERROR:crash_report_database_win.cc(428)] unexpected header
[1028/152308.365:ERROR:crash_report_database_win.cc(428)] unexpected header
[1028/153808.438:ERROR:crash_report_database_win.cc(428)] unexpected header
[1028/154843.585:ERROR:crash_report_database_win.cc(428)] unexpected header
[1028/155308.440:ERROR:crash_report_database_win.cc(428)] unexpected header
[1029/075937.755:ERROR:crash_report_database_win.cc(428)] unexpected header
[1029/080404.197:ERROR:crash_report_database_win.cc(428)] unexpected header
[0128/082807.912:ERROR:process_info.cc(611)] range at 0x96489fe000, size 0x2000 fully unreadable
[0128/082808.625:ERROR:process_info.cc(611)] range at 0x964e4ee000, size 0x1788 fully unreadable
[0206/083312.467:ERROR:settings.cc(319)] Settings magic is not 1129342067
